[debug] [2022-05-27T03:43:07.234Z] ----------------------------------------------------------------------
[debug] [2022-05-27T03:43:07.235Z] Command:       C:\Program Files\nodejs\node.exe C:\Users\Adrian\AppData\Roaming\npm\node_modules\firebase-tools\lib\bin\firebase.js init
[debug] [2022-05-27T03:43:07.236Z] CLI Version:   11.0.1
[debug] [2022-05-27T03:43:07.236Z] Platform:      win32
[debug] [2022-05-27T03:43:07.236Z] Node Version:  v16.15.0
[debug] [2022-05-27T03:43:07.236Z] Time:          Thu May 26 2022 22:43:07 GMT-0500 (hora estándar de Perú)
[debug] [2022-05-27T03:43:07.237Z] ----------------------------------------------------------------------
[debug] 
[debug] [2022-05-27T03:43:07.244Z] > command requires scopes: ["email","openid","https://www.googleapis.com/auth/cloudplatformprojects.readonly","https://www.googleapis.com/auth/firebase","https://www.googleapis.com/auth/cloud-platform"]
[debug] [2022-05-27T03:43:07.244Z] > authorizing via signed-in user (dhanferadrian@gmail.com)
[info] 
     ######## #### ########  ######## ########     ###     ######  ########
     ##        ##  ##     ## ##       ##     ##  ##   ##  ##       ##
     ######    ##  ########  ######   ########  #########  ######  ######
     ##        ##  ##    ##  ##       ##     ## ##     ##       ## ##
     ##       #### ##     ## ######## ########  ##     ##  ######  ########

You're about to initialize a Firebase project in this directory:

  C:\Users\Adrian\Desktop\para melany

[info] 
=== Project Setup
[info] 
[info] First, let's associate this project directory with a Firebase project.
[info] You can create multiple project aliases by running firebase use --add, 
[info] but for now we'll just set up a default project.
[info] 
[debug] [2022-05-27T03:44:58.897Z] >>> [apiv2][query] GET https://firebase.googleapis.com/v1beta1/projects pageSize=100
[debug] [2022-05-27T03:44:59.490Z] <<< [apiv2][status] GET https://firebase.googleapis.com/v1beta1/projects 200
[debug] [2022-05-27T03:44:59.490Z] <<< [apiv2][body] GET https://firebase.googleapis.com/v1beta1/projects [omitted]
[info] i  Using project paramelany-d6402 (PARAMELANY) 
[info] 
=== Hosting Setup
[info] 
[info] Your public directory is the folder (relative to your project directory) that
[info] will contain Hosting assets to be uploaded with firebase deploy. If you
[info] have a build process for your assets, use your build's output directory.
[info] 
[debug] [2022-05-27T03:46:14.255Z] >>> [apiv2][query] GET https://www.gstatic.com/firebasejs/releases.json [none]
[debug] [2022-05-27T03:46:14.986Z] <<< [apiv2][status] GET https://www.gstatic.com/firebasejs/releases.json 200
[debug] [2022-05-27T03:46:14.986Z] <<< [apiv2][body] GET https://www.gstatic.com/firebasejs/releases.json {"current":{"version":"9.8.1","browserURL":"https://www.gstatic.com/firebasejs/9.8.1/firebase.js","packageURL":"https://www.gstatic.com/firebasejs/9.8.1/firebase.tgz"},"live":{"version":"9.8","browserURL":"https://www.gstatic.com/firebasejs/live/9.8/firebase.js","packageURL":"https://www.gstatic.com/firebasejs/live/9.8/firebase.tgz"},"components":{"analytics":"https://www.gstatic.com/firebasejs/9.8.1/firebase-analytics.js","app":"https://www.gstatic.com/firebasejs/9.8.1/firebase-app.js","app-check":"https://www.gstatic.com/firebasejs/9.8.1/firebase-app-check.js","auth":"https://www.gstatic.com/firebasejs/9.8.1/firebase-auth.js","auth/cordova":"https://www.gstatic.com/firebasejs/9.8.1/firebase-auth/cordova.js","auth/react-native":"https://www.gstatic.com/firebasejs/9.8.1/firebase-auth/react-native.js","functions":"https://www.gstatic.com/firebasejs/9.8.1/firebase-functions.js","firestore":"https://www.gstatic.com/firebasejs/9.8.1/firebase-firestore.js","firestore/lite":"https://www.gstatic.com/firebasejs/9.8.1/firebase-firestore/lite.js","storage":"https://www.gstatic.com/firebasejs/9.8.1/firebase-storage.js","performance":"https://www.gstatic.com/firebasejs/9.8.1/firebase-performance.js","remote-config":"https://www.gstatic.com/firebasejs/9.8.1/firebase-remote-config.js","messaging":"https://www.gstatic.com/firebasejs/9.8.1/firebase-messaging.js","messaging/sw":"https://www.gstatic.com/firebasejs/9.8.1/firebase-messaging/sw.js","database":"https://www.gstatic.com/firebasejs/9.8.1/firebase-database.js","firestore.memory":"https://www.gstatic.com/firebasejs/9.8.1/firebase-firestore.memory.js"}}
[info] +  Wrote public/index.html 
[info] 
[info] i  Didn't detect a .git folder. Assuming C:\Users\Adrian\Desktop\para melany is the project root. 
[info] i  Authorizing with GitHub to upload your service account to a GitHub repository's secrets store. 
[info] 
[info] Visit this URL on this device to log in:
[info] https://github.com/login/oauth/authorize?client_id=89cf50f02ac6aaed3484&state=483064171&redirect_uri=http%3A%2F%2Flocalhost%3A9005&scope=read%3Auser%20repo%20public_repo
[info] 
[info] Waiting for authentication...
[debug] [2022-05-27T03:47:17.327Z] Error: kill ENOSYS
    at process.kill (node:internal/process/per_thread:220:13)
    at process.listener (C:\Users\Adrian\AppData\Roaming\npm\node_modules\firebase-tools\node_modules\signal-exit\index.js:95:15)
    at process.emit (node:events:527:28)
[error] 
[error] Error: An unexpected error has occurred.
